#
# There is insufficient memory for the Java Runtime Environment to continue.
# Native memory allocation (mmap) failed to map 17825792 bytes for Failed to commit area from 0x000000008bf00000 to 0x000000008d000000 of length 17825792.
# Possible reasons:
#   The system is out of physical RAM or swap space
#   The process is running with CompressedOops enabled, and the Java Heap may be blocking the growth of the native heap
# Possible solutions:
#   Reduce memory load on the system
#   Increase physical memory or swap space
#   Check if swap backing store is full
#   Decrease Java heap size (-Xmx/-Xms)
#   Decrease number of Java threads
#   Decrease Java thread stack sizes (-Xss)
#   Set larger code cache with -XX:ReservedCodeCacheSize=
#   JVM is running with Unscaled Compressed Oops mode in which the Java heap is
#     placed in the first 4GB address space. The Java Heap base address is the
#     maximum limit for the native heap growth. Please use -XX:HeapBaseMinAddress
#     to set the Java Heap base and to place the Java Heap above 4GB virtual address.
# This output file may be truncated or incomplete.
#
#  Out of Memory Error (./open/src/hotspot/os/windows/os_windows.cpp:3315), pid=18552, tid=19376
#
# JRE version: Java(TM) SE Runtime Environment (14.0.1+7) (build 14.0.1+7)
# Java VM: Java HotSpot(TM) 64-Bit Server VM (14.0.1+7, mixed mode, sharing, tiered, compressed oops, g1 gc, windows-amd64)
# No core dump will be written. Minidumps are not enabled by default on client versions of Windows
#

---------------  S U M M A R Y ------------

Command Line: -Dclassworlds.conf=C:\xampp\apache\maven\bin\..\bin\m2.conf -Dmaven.home=C:\xampp\apache\maven\bin\.. -Dmaven.multiModuleProjectDirectory=C:\tmp\tjs\geoserver_2.16.1\src\community\tjs\tjs-web org.codehaus.plexus.classworlds.launcher.Launcher clean install -DskipTests

Host: Intel(R) Core(TM) i5-7200U CPU @ 2.50GHz, 4 cores, 7G,  Windows 10 , 64 bit Build 19041 (10.0.19041.292)
Time: Tue Oct 13 15:39:48 2020 Paris, Madrid (heure d’été) elapsed time: 75 seconds (0d 0h 1m 15s)

---------------  T H R E A D  ---------------

Current thread (0x000002073b94e000):  VMThread "VM Thread" [stack: 0x000000f12a200000,0x000000f12a300000] [id=19376]

Stack: [0x000000f12a200000,0x000000f12a300000]
[error occurred during error reporting (printing stack bounds), id 0xc0000005, EXCEPTION_ACCESS_VIOLATION (0xc0000005) at pc=0x00000207252310ad]

Native frames: (J=compiled Java code, j=interpreted, Vv=VM code, C=native code)
V  [jvm.dll+0x5f840a]
V  [jvm.dll+0x741e4a]
V  [jvm.dll+0x7435ff]
V  [jvm.dll+0x743ba5]
V  [jvm.dll+0x743b5b]
V  [jvm.dll+0x5f793f]
V  [jvm.dll+0x5f80a8]
C  [ntdll.dll+0xa111f]
C  [ntdll.dll+0x4b474]
C  [ntdll.dll+0x9fc4e]
C  0x00000207252310ad

VM_Operation (0x000000f129eff720): G1Concurrent, mode: safepoint, requested by thread 0x000002071b2f7000


---------------  P R O C E S S  ---------------

Threads class SMR info:
_java_thread_list=0x000002073fa77fd0, length=14, elements={
0x000002071b29f800, 0x000002073b953000, 0x000002073b955000, 0x000002073b973800,
0x000002073b976800, 0x000002073b977800, 0x000002073b979000, 0x000002073c31b000,
0x000002073c321800, 0x000002073c3fd800, 0x000002073c404000, 0x000002073d01e800,
0x000002073d94b800, 0x000002073d6a2000
}

Java Threads: ( => current thread )
  0x000002071b29f800 JavaThread "main" [_thread_blocked, id=5260, stack(0x000000f129c00000,0x000000f129d00000)]
  0x000002073b953000 JavaThread "Reference Handler" daemon [_thread_blocked, id=14352, stack(0x000000f12a300000,0x000000f12a400000)]
  0x000002073b955000 JavaThread "Finalizer" daemon [_thread_blocked, id=364, stack(0x000000f12a400000,0x000000f12a500000)]
  0x000002073b973800 JavaThread "Signal Dispatcher" daemon [_thread_blocked, id=2408, stack(0x000000f12a500000,0x000000f12a600000)]
  0x000002073b976800 JavaThread "Attach Listener" daemon [_thread_blocked, id=5464, stack(0x000000f12a600000,0x000000f12a700000)]
  0x000002073b977800 JavaThread "Service Thread" daemon [_thread_blocked, id=11876, stack(0x000000f12a700000,0x000000f12a800000)]
  0x000002073b979000 JavaThread "C2 CompilerThread0" daemon [_thread_blocked, id=14508, stack(0x000000f12a800000,0x000000f12a900000)]
  0x000002073c31b000 JavaThread "C1 CompilerThread0" daemon [_thread_blocked, id=10360, stack(0x000000f12a900000,0x000000f12aa00000)]
  0x000002073c321800 JavaThread "Sweeper thread" daemon [_thread_blocked, id=1936, stack(0x000000f12aa00000,0x000000f12ab00000)]
  0x000002073c3fd800 JavaThread "Notification Thread" daemon [_thread_blocked, id=11216, stack(0x000000f12ab00000,0x000000f12ac00000)]
  0x000002073c404000 JavaThread "Common-Cleaner" daemon [_thread_blocked, id=532, stack(0x000000f12ad00000,0x000000f12ae00000)]
  0x000002073d01e800 JavaThread "ForkJoinPool.commonPool-worker-3" daemon [_thread_blocked, id=19352, stack(0x000000f129b00000,0x000000f129c00000)]
  0x000002073d94b800 JavaThread "ForkJoinPool.commonPool-worker-5" daemon [_thread_blocked, id=6844, stack(0x000000f12b300000,0x000000f12b400000)]
  0x000002073d6a2000 JavaThread "ForkJoinPool.commonPool-worker-7" daemon [_thread_blocked, id=18544, stack(0x000000f12b400000,0x000000f12b500000)]

Other Threads:
=>0x000002073b94e000 VMThread "VM Thread" [stack: 0x000000f12a200000,0x000000f12a300000] [id=19376]
  0x000002073c3fe000 WatcherThread [stack: 0x000000f12ac00000,0x000000f12ad00000] [id=18004]
  0x000002071b2e4800 GCTaskThread "GC Thread#0" [stack: 0x000000f129d00000,0x000000f129e00000] [id=18392]
  0x000002073ce39800 GCTaskThread "GC Thread#1" [stack: 0x000000f12ae00000,0x000000f12af00000] [id=12568]
  0x000002073c933800 GCTaskThread "GC Thread#2" [stack: 0x000000f12af00000,0x000000f12b000000] [id=17272]
  0x000002071b2f7000 ConcurrentGCThread "G1 Main Marker" [stack: 0x000000f129e00000,0x000000f129f00000] [id=15068]
  0x000002071b2f8800 ConcurrentGCThread "G1 Conc#0" [stack: 0x000000f129f00000,0x000000f12a000000] [id=17152]
  0x000002071b371000 ConcurrentGCThread "G1 Refine#0" [stack: 0x000000f12a000000,0x000000f12a100000] [id=8660]
  0x000002073d7b0800 ConcurrentGCThread "G1 Refine#1" [stack: 0x000000f12b000000,0x000000f12b100000] [id=16684]
  0x000002073d120800 ConcurrentGCThread "G1 Refine#2" [stack: 0x000000f12b100000,0x000000f12b200000] [id=9504]
  0x000002073cc8c800 ConcurrentGCThread "G1 Refine#3" [stack: 0x000000f12b200000,0x000000f12b300000] [id=17060]
  0x000002073b7d0800 ConcurrentGCThread "G1 Young RemSet Sampling" [stack: 0x000000f12a100000,0x000000f12a200000] [id=8972]

Threads with active compile tasks:
C2 CompilerThread0    75716 6292   !   4       org.openjdk.tools.javac.parser.JavaTokenizer::readToken (2239 bytes)
C1 CompilerThread0    75717 6559       3       com.google.googlejavaformat.OpsBuilder::build (1072 bytes)

VM state:at safepoint (normal execution)

VM Mutex/Monitor currently owned by a thread:  ([mutex/lock_event])
[0x000002071b1b92c0] Threads_lock - owner thread: 0x000002073b94e000
[0x000002071b1b8d20] Heap_lock - owner thread: 0x000002071b2f7000

Heap address: 0x0000000082200000, size: 2014 MB, Compressed Oops mode: 32-bit
Narrow klass base: 0x0000000800000000, Narrow klass shift: 3
Compressed class space size: 1073741824 Address: 0x0000000800b30000

Heap:
 garbage-first heap   total 178176K, used 103638K [0x0000000082200000, 0x0000000100000000)
  region size 1024K, 18 young (18432K), 3 survivors (3072K)
 Metaspace       used 28369K, capacity 29042K, committed 29184K, reserved 1075200K
  class space    used 3263K, capacity 3481K, committed 3584K, reserved 1048576K
Heap Regions: E=young(eden), S=young(survivor), O=old, HS=humongous(starts), HC=humongous(continues), CS=collection set, F=free, OA=open archive, CA=closed archive, TAMS=top-at-mark-start (previous, next)
|   0|0x0000000082200000, 0x0000000082300000, 0x0000000082300000|100%| O|  |TAMS 0x0000000082300000, 0x0000000082200000| Updating 
|   1|0x0000000082300000, 0x0000000082400000, 0x0000000082400000|100%| O|  |TAMS 0x0000000082400000, 0x0000000082300000| Updating 
|   2|0x0000000082400000, 0x0000000082500000, 0x0000000082500000|100%| O|  |TAMS 0x0000000082500000, 0x0000000082400000| Updating 
|   3|0x0000000082500000, 0x0000000082600000, 0x0000000082600000|100%| O|  |TAMS 0x0000000082600000, 0x0000000082500000| Updating 
|   4|0x0000000082600000, 0x0000000082700000, 0x0000000082700000|100%| O|  |TAMS 0x0000000082700000, 0x0000000082600000| Updating 
|   5|0x0000000082700000, 0x0000000082800000, 0x0000000082800000|100%| O|  |TAMS 0x0000000082800000, 0x0000000082700000| Updating 
|   6|0x0000000082800000, 0x0000000082900000, 0x0000000082900000|100%| O|  |TAMS 0x0000000082900000, 0x0000000082800000| Updating 
|   7|0x0000000082900000, 0x0000000082a00000, 0x0000000082a00000|100%| O|  |TAMS 0x0000000082a00000, 0x0000000082900000| Updating 
|   8|0x0000000082a00000, 0x0000000082b00000, 0x0000000082b00000|100%| O|  |TAMS 0x0000000082b00000, 0x0000000082a00000| Updating 
|   9|0x0000000082b00000, 0x0000000082c00000, 0x0000000082c00000|100%| O|  |TAMS 0x0000000082c00000, 0x0000000082b00000| Updating 
|  10|0x0000000082c00000, 0x0000000082d00000, 0x0000000082d00000|100%| O|  |TAMS 0x0000000082d00000, 0x0000000082c00000| Updating 
|  11|0x0000000082d00000, 0x0000000082e00000, 0x0000000082e00000|100%| O|  |TAMS 0x0000000082e00000, 0x0000000082d00000| Updating 
|  12|0x0000000082e00000, 0x0000000082f00000, 0x0000000082f00000|100%| O|  |TAMS 0x0000000082f00000, 0x0000000082e00000| Updating 
|  13|0x0000000082f00000, 0x0000000083000000, 0x0000000083000000|100%| O|  |TAMS 0x0000000083000000, 0x0000000082f00000| Updating 
|  14|0x0000000083000000, 0x0000000083100000, 0x0000000083100000|100%| O|  |TAMS 0x0000000083100000, 0x0000000083000000| Updating 
|  15|0x0000000083100000, 0x0000000083200000, 0x0000000083200000|100%| O|  |TAMS 0x0000000083200000, 0x0000000083100000| Updating 
|  16|0x0000000083200000, 0x0000000083300000, 0x0000000083300000|100%| O|  |TAMS 0x0000000083300000, 0x0000000083200000| Updating 
|  17|0x0000000083300000, 0x0000000083400000, 0x0000000083400000|100%| O|  |TAMS 0x0000000083400000, 0x0000000083300000| Updating 
|  18|0x0000000083400000, 0x0000000083500000, 0x0000000083500000|100%| O|  |TAMS 0x0000000083500000, 0x0000000083400000| Updating 
|  19|0x0000000083500000, 0x0000000083600000, 0x0000000083600000|100%| O|  |TAMS 0x0000000083600000, 0x0000000083500000| Updating 
|  20|0x0000000083600000, 0x0000000083700000, 0x0000000083700000|100%| O|  |TAMS 0x0000000083700000, 0x0000000083600000| Updating 
|  21|0x0000000083700000, 0x0000000083800000, 0x0000000083800000|100%| O|  |TAMS 0x0000000083800000, 0x0000000083700000| Updating 
|  22|0x0000000083800000, 0x0000000083900000, 0x0000000083900000|100%| O|  |TAMS 0x0000000083900000, 0x0000000083800000| Updating 
|  23|0x0000000083900000, 0x0000000083a00000, 0x0000000083a00000|100%| O|  |TAMS 0x0000000083a00000, 0x0000000083900000| Updating 
|  24|0x0000000083a00000, 0x0000000083b00000, 0x0000000083b00000|100%| O|  |TAMS 0x0000000083b00000, 0x0000000083a00000| Updating 
|  25|0x0000000083b00000, 0x0000000083c00000, 0x0000000083c00000|100%| O|  |TAMS 0x0000000083c00000, 0x0000000083b00000| Updating 
|  26|0x0000000083c00000, 0x0000000083d00000, 0x0000000083d00000|100%| O|  |TAMS 0x0000000083d00000, 0x0000000083c00000| Updating 
|  27|0x0000000083d00000, 0x0000000083e00000, 0x0000000083e00000|100%| O|  |TAMS 0x0000000083e00000, 0x0000000083d00000| Updating 
|  28|0x0000000083e00000, 0x0000000083f00000, 0x0000000083f00000|100%| O|  |TAMS 0x0000000083f00000, 0x0000000083e00000| Updating 
|  29|0x0000000083f00000, 0x0000000084000000, 0x0000000084000000|100%| O|  |TAMS 0x0000000084000000, 0x0000000083f00000| Updating 
|  30|0x0000000084000000, 0x0000000084100000, 0x0000000084100000|100%| O|  |TAMS 0x0000000084100000, 0x0000000084000000| Updating 
|  31|0x0000000084100000, 0x0000000084200000, 0x0000000084200000|100%| O|  |TAMS 0x0000000084200000, 0x0000000084100000| Updating 
|  32|0x0000000084200000, 0x0000000084300000, 0x0000000084300000|100%| O|  |TAMS 0x0000000084300000, 0x0000000084200000| Updating 
|  33|0x0000000084300000, 0x0000000084400000, 0x0000000084400000|100%| O|  |TAMS 0x0000000084400000, 0x0000000084300000| Updating 
|  34|0x0000000084400000, 0x0000000084500000, 0x0000000084500000|100%| O|  |TAMS 0x0000000084500000, 0x0000000084400000| Updating 
|  35|0x0000000084500000, 0x0000000084600000, 0x0000000084600000|100%| O|  |TAMS 0x0000000084600000, 0x0000000084500000| Updating 
|  36|0x0000000084600000, 0x0000000084700000, 0x0000000084700000|100%| O|  |TAMS 0x0000000084700000, 0x0000000084600000| Updating 
|  37|0x0000000084700000, 0x0000000084800000, 0x0000000084800000|100%| O|  |TAMS 0x0000000084800000, 0x0000000084700000| Updating 
|  38|0x0000000084800000, 0x00000000848d7400, 0x0000000084900000| 84%| O|  |TAMS 0x00000000848d7400, 0x0000000084800000| Updating 
|  39|0x0000000084900000, 0x0000000084900000, 0x0000000084a00000|  0%| F|  |TAMS 0x0000000084900000, 0x0000000084900000| Untracked 
|  40|0x0000000084a00000, 0x0000000084a00000, 0x0000000084b00000|  0%| F|  |TAMS 0x0000000084a00000, 0x0000000084a00000| Untracked 
|  41|0x0000000084b00000, 0x0000000084b00000, 0x0000000084c00000|  0%| F|  |TAMS 0x0000000084b00000, 0x0000000084b00000| Untracked 
|  42|0x0000000084c00000, 0x0000000084c00000, 0x0000000084d00000|  0%| F|  |TAMS 0x0000000084c00000, 0x0000000084c00000| Untracked 
|  43|0x0000000084d00000, 0x0000000084d00000, 0x0000000084e00000|  0%| F|  |TAMS 0x0000000084d00000, 0x0000000084d00000| Untracked 
|  44|0x0000000084e00000, 0x0000000084f00000, 0x0000000084f00000|100%| O|  |TAMS 0x0000000084f00000, 0x0000000084e00000| Updating 
|  45|0x0000000084f00000, 0x0000000085000000, 0x0000000085000000|100%| O|  |TAMS 0x0000000085000000, 0x0000000084f00000| Updating 
|  46|0x0000000085000000, 0x0000000085000000, 0x0000000085100000|  0%| F|  |TAMS 0x0000000085000000, 0x0000000085000000| Untracked 
|  47|0x0000000085100000, 0x0000000085100000, 0x0000000085200000|  0%| F|  |TAMS 0x0000000085100000, 0x0000000085100000| Untracked 
|  48|0x0000000085200000, 0x0000000085200000, 0x0000000085300000|  0%| F|  |TAMS 0x0000000085200000, 0x0000000085200000| Untracked 
|  49|0x0000000085300000, 0x0000000085300000, 0x0000000085400000|  0%| F|  |TAMS 0x0000000085300000, 0x0000000085300000| Untracked 
|  50|0x0000000085400000, 0x0000000085400000, 0x0000000085500000|  0%| F|  |TAMS 0x0000000085400000, 0x0000000085400000| Untracked 
|  51|0x0000000085500000, 0x0000000085600000, 0x0000000085600000|100%| O|  |TAMS 0x0000000085600000, 0x0000000085500000| Updating 
|  52|0x0000000085600000, 0x0000000085700000, 0x0000000085700000|100%| O|  |TAMS 0x0000000085700000, 0x0000000085600000| Updating 
|  53|0x0000000085700000, 0x0000000085800000, 0x0000000085800000|100%| O|  |TAMS 0x0000000085800000, 0x0000000085700000| Updating 
|  54|0x0000000085800000, 0x0000000085900000, 0x0000000085900000|100%| O|  |TAMS 0x0000000085900000, 0x0000000085800000| Updating 
|  55|0x0000000085900000, 0x0000000085a00000, 0x0000000085a00000|100%| O|  |TAMS 0x0000000085a00000, 0x0000000085900000| Updating 
|  56|0x0000000085a00000, 0x0000000085b00000, 0x0000000085b00000|100%| O|  |TAMS 0x0000000085b00000, 0x0000000085a00000| Updating 
|  57|0x0000000085b00000, 0x0000000085c00000, 0x0000000085c00000|100%| O|  |TAMS 0x0000000085c00000, 0x0000000085b00000| Updating 
|  58|0x0000000085c00000, 0x0000000085d00000, 0x0000000085d00000|100%| O|  |TAMS 0x0000000085d00000, 0x0000000085c00000| Updating 
|  59|0x0000000085d00000, 0x0000000085e00000, 0x0000000085e00000|100%| O|  |TAMS 0x0000000085e00000, 0x0000000085d00000| Updating 
|  60|0x0000000085e00000, 0x0000000085f00000, 0x0000000085f00000|100%| O|  |TAMS 0x0000000085f00000, 0x0000000085e00000| Updating 
|  61|0x0000000085f00000, 0x0000000086000000, 0x0000000086000000|100%| O|  |TAMS 0x0000000086000000, 0x0000000085f00000| Updating 
|  62|0x0000000086000000, 0x0000000086100000, 0x0000000086100000|100%| O|  |TAMS 0x0000000086100000, 0x0000000086000000| Updating 
|  63|0x0000000086100000, 0x0000000086200000, 0x0000000086200000|100%| O|  |TAMS 0x0000000086200000, 0x0000000086100000| Updating 
|  64|0x0000000086200000, 0x0000000086300000, 0x0000000086300000|100%| O|  |TAMS 0x0000000086300000, 0x0000000086200000| Updating 
|  65|0x0000000086300000, 0x0000000086400000, 0x0000000086400000|100%| O|  |TAMS 0x0000000086400000, 0x0000000086300000| Updating 
|  66|0x0000000086400000, 0x0000000086500000, 0x0000000086500000|100%| O|  |TAMS 0x0000000086500000, 0x0000000086400000| Updating 
|  67|0x0000000086500000, 0x0000000086600000, 0x0000000086600000|100%| O|  |TAMS 0x0000000086600000, 0x0000000086500000| Updating 
|  68|0x0000000086600000, 0x0000000086700000, 0x0000000086700000|100%| O|  |TAMS 0x0000000086700000, 0x0000000086600000| Updating 
|  69|0x0000000086700000, 0x0000000086800000, 0x0000000086800000|100%| O|  |TAMS 0x0000000086800000, 0x0000000086700000| Updating 
|  70|0x0000000086800000, 0x0000000086800000, 0x0000000086900000|  0%| F|  |TAMS 0x0000000086800000, 0x0000000086800000| Untracked 
|  71|0x0000000086900000, 0x0000000086a00000, 0x0000000086a00000|100%| O|  |TAMS 0x0000000086a00000, 0x0000000086900000| Updating 
|  72|0x0000000086a00000, 0x0000000086b00000, 0x0000000086b00000|100%| O|  |TAMS 0x0000000086b00000, 0x0000000086a00000| Updating 
|  73|0x0000000086b00000, 0x0000000086b00000, 0x0000000086c00000|  0%| F|  |TAMS 0x0000000086b00000, 0x0000000086b00000| Untracked 
|  74|0x0000000086c00000, 0x0000000086d00000, 0x0000000086d00000|100%| O|  |TAMS 0x0000000086d00000, 0x0000000086c00000| Updating 
|  75|0x0000000086d00000, 0x0000000086e00000, 0x0000000086e00000|100%| O|  |TAMS 0x0000000086e00000, 0x0000000086d00000| Updating 
|  76|0x0000000086e00000, 0x0000000086f00000, 0x0000000086f00000|100%| O|  |TAMS 0x0000000086f00000, 0x0000000086e00000| Updating 
|  77|0x0000000086f00000, 0x0000000087000000, 0x0000000087000000|100%| O|  |TAMS 0x0000000087000000, 0x0000000086f00000| Updating 
|  78|0x0000000087000000, 0x0000000087100000, 0x0000000087100000|100%| O|  |TAMS 0x0000000087100000, 0x0000000087000000| Updating 
|  79|0x0000000087100000, 0x0000000087200000, 0x0000000087200000|100%| O|  |TAMS 0x0000000087200000, 0x0000000087100000| Updating 
|  80|0x0000000087200000, 0x0000000087300000, 0x0000000087300000|100%| O|  |TAMS 0x0000000087300000, 0x0000000087200000| Updating 
|  81|0x0000000087300000, 0x0000000087400000, 0x0000000087400000|100%| O|  |TAMS 0x0000000087400000, 0x0000000087300000| Updating 
|  82|0x0000000087400000, 0x0000000087500000, 0x0000000087500000|100%| O|  |TAMS 0x0000000087500000, 0x0000000087400000| Updating 
|  83|0x0000000087500000, 0x0000000087600000, 0x0000000087600000|100%| O|  |TAMS 0x0000000087600000, 0x0000000087500000| Updating 
|  84|0x0000000087600000, 0x0000000087700000, 0x0000000087700000|100%| O|  |TAMS 0x0000000087700000, 0x0000000087600000| Updating 
|  85|0x0000000087700000, 0x0000000087800000, 0x0000000087800000|100%| O|  |TAMS 0x0000000087800000, 0x0000000087700000| Updating 
|  86|0x0000000087800000, 0x0000000087900000, 0x0000000087900000|100%| O|  |TAMS 0x0000000087900000, 0x0000000087800000| Updating 
|  87|0x0000000087900000, 0x0000000087a00000, 0x0000000087a00000|100%| O|  |TAMS 0x0000000087a00000, 0x0000000087900000| Updating 
|  88|0x0000000087a00000, 0x0000000087b00000, 0x0000000087b00000|100%| O|  |TAMS 0x0000000087b00000, 0x0000000087a00000| Updating 
|  89|0x0000000087b00000, 0x0000000087c00000, 0x0000000087c00000|100%| O|  |TAMS 0x0000000087c00000, 0x0000000087b00000| Updating 
|  90|0x0000000087c00000, 0x0000000087d00000, 0x0000000087d00000|100%| O|  |TAMS 0x0000000087d00000, 0x0000000087c00000| Updating 
|  91|0x0000000087d00000, 0x0000000087e00000, 0x0000000087e00000|100%| O|  |TAMS 0x0000000087e00000, 0x0000000087d00000| Updating 
|  92|0x0000000087e00000, 0x0000000087f00000, 0x0000000087f00000|100%| O|  |TAMS 0x0000000087f00000, 0x0000000087e00000| Updating 
|  93|0x0000000087f00000, 0x0000000088000000, 0x0000000088000000|100%| O|  |TAMS 0x0000000088000000, 0x0000000087f00000| Updating 
|  94|0x0000000088000000, 0x0000000088100000, 0x0000000088100000|100%| O|  |TAMS 0x0000000088100000, 0x0000000088000000| Updating 
|  95|0x0000000088100000, 0x0000000088200000, 0x0000000088200000|100%| O|  |TAMS 0x0000000088200000, 0x0000000088100000| Updating 
|  96|0x0000000088200000, 0x0000000088300000, 0x0000000088300000|100%| O|  |TAMS 0x0000000088300000, 0x0000000088200000| Updating 
|  97|0x0000000088300000, 0x0000000088400000, 0x0000000088400000|100%| O|  |TAMS 0x0000000088400000, 0x0000000088300000| Updating 
|  98|0x0000000088400000, 0x0000000088400000, 0x0000000088500000|  0%| F|  |TAMS 0x0000000088400000, 0x0000000088400000| Untracked 
|  99|0x0000000088500000, 0x0000000088500000, 0x0000000088600000|  0%| F|  |TAMS 0x0000000088500000, 0x0000000088500000| Untracked 
| 100|0x0000000088600000, 0x0000000088600000, 0x0000000088700000|  0%| F|  |TAMS 0x0000000088600000, 0x0000000088600000| Untracked 
| 101|0x0000000088700000, 0x0000000088700000, 0x0000000088800000|  0%| F|  |TAMS 0x0000000088700000, 0x0000000088700000| Untracked 
| 102|0x0000000088800000, 0x0000000088800000, 0x0000000088900000|  0%| F|  |TAMS 0x0000000088800000, 0x0000000088800000| Untracked 
| 103|0x0000000088900000, 0x0000000088900000, 0x0000000088a00000|  0%| F|  |TAMS 0x0000000088900000, 0x0000000088900000| Untracked 
| 104|0x0000000088a00000, 0x0000000088a00000, 0x0000000088b00000|  0%| F|  |TAMS 0x0000000088a00000, 0x0000000088a00000| Untracked 
| 105|0x0000000088b00000, 0x0000000088b00000, 0x0000000088c00000|  0%| F|  |TAMS 0x0000000088b00000, 0x0000000088b00000| Untracked 
| 106|0x0000000088c00000, 0x0000000088c00000, 0x0000000088d00000|  0%| F|  |TAMS 0x0000000088c00000, 0x0000000088c00000| Untracked 
| 107|0x0000000088d00000, 0x0000000088d00000, 0x0000000088e00000|  0%| F|  |TAMS 0x0000000088d00000, 0x0000000088d00000| Untracked 
| 108|0x0000000088e00000, 0x0000000088e00000, 0x0000000088f00000|  0%| F|  |TAMS 0x0000000088e00000, 0x0000000088e00000| Untracked 
| 109|0x0000000088f00000, 0x0000000088f00000, 0x0000000089000000|  0%| F|  |TAMS 0x0000000088f00000, 0x0000000088f00000| Untracked 
| 110|0x0000000089000000, 0x0000000089000000, 0x0000000089100000|  0%| F|  |TAMS 0x0000000089000000, 0x0000000089000000| Untracked 
| 111|0x0000000089100000, 0x0000000089100000, 0x0000000089200000|  0%| F|  |TAMS 0x0000000089100000, 0x0000000089100000| Untracked 
| 112|0x0000000089200000, 0x0000000089200000, 0x0000000089300000|  0%| F|  |TAMS 0x0000000089200000, 0x0000000089200000| Untracked 
| 113|0x0000000089300000, 0x0000000089300000, 0x0000000089400000|  0%| F|  |TAMS 0x0000000089300000, 0x0000000089300000| Untracked 
| 114|0x0000000089400000, 0x0000000089400000, 0x0000000089500000|  0%| F|  |TAMS 0x0000000089400000, 0x0000000089400000| Untracked 
| 115|0x0000000089500000, 0x0000000089500000, 0x0000000089600000|  0%| F|  |TAMS 0x0000000089500000, 0x0000000089500000| Untracked 
| 116|0x0000000089600000, 0x0000000089600000, 0x0000000089700000|  0%| F|  |TAMS 0x0000000089600000, 0x0000000089600000| Untracked 
| 117|0x0000000089700000, 0x000000008975e5d8, 0x0000000089800000| 36%| S|CS|TAMS 0x0000000089700000, 0x0000000089700000| Complete 
| 118|0x0000000089800000, 0x0000000089900000, 0x0000000089900000|100%| S|CS|TAMS 0x0000000089800000, 0x0000000089800000| Complete 
| 119|0x0000000089900000, 0x0000000089a00000, 0x0000000089a00000|100%| S|CS|TAMS 0x0000000089900000, 0x0000000089900000| Complete 
| 120|0x0000000089a00000, 0x0000000089a00000, 0x0000000089b00000|  0%| F|  |TAMS 0x0000000089a00000, 0x0000000089a00000| Untracked 
| 121|0x0000000089b00000, 0x0000000089b00000, 0x0000000089c00000|  0%| F|  |TAMS 0x0000000089b00000, 0x0000000089b00000| Untracked 
| 122|0x0000000089c00000, 0x0000000089c00000, 0x0000000089d00000|  0%| F|  |TAMS 0x0000000089c00000, 0x0000000089c00000| Untracked 
| 123|0x0000000089d00000, 0x0000000089d00000, 0x0000000089e00000|  0%| F|  |TAMS 0x0000000089d00000, 0x0000000089d00000| Untracked 
| 124|0x0000000089e00000, 0x0000000089e00000, 0x0000000089f00000|  0%| F|  |TAMS 0x0000000089e00000, 0x0000000089e00000| Untracked 
| 125|0x0000000089f00000, 0x0000000089f00000, 0x000000008a000000|  0%| F|  |TAMS 0x0000000089f00000, 0x0000000089f00000| Untracked 
| 126|0x000000008a000000, 0x000000008a000000, 0x000000008a100000|  0%| F|  |TAMS 0x000000008a000000, 0x000000008a000000| Untracked 
| 127|0x000000008a100000, 0x000000008a100000, 0x000000008a200000|  0%| F|  |TAMS 0x000000008a100000, 0x000000008a100000| Untracked 
| 128|0x000000008a200000, 0x000000008a200000, 0x000000008a300000|  0%| F|  |TAMS 0x000000008a200000, 0x000000008a200000| Untracked 
| 129|0x000000008a300000, 0x000000008a300000, 0x000000008a400000|  0%| F|  |TAMS 0x000000008a300000, 0x000000008a300000| Untracked 
| 130|0x000000008a400000, 0x000000008a400000, 0x000000008a500000|  0%| F|  |TAMS 0x000000008a400000, 0x000000008a400000| Untracked 
| 131|0x000000008a500000, 0x000000008a500000, 0x000000008a600000|  0%| F|  |TAMS 0x000000008a500000, 0x000000008a500000| Untracked 
| 132|0x000000008a600000, 0x000000008a600000, 0x000000008a700000|  0%| F|  |TAMS 0x000000008a600000, 0x000000008a600000| Untracked 
| 133|0x000000008a700000, 0x000000008a700000, 0x000000008a800000|  0%| F|  |TAMS 0x000000008a700000, 0x000000008a700000| Untracked 
| 134|0x000000008a800000, 0x000000008a800000, 0x000000008a900000|  0%| F|  |TAMS 0x000000008a800000, 0x000000008a800000| Untracked 
| 135|0x000000008a900000, 0x000000008a900000, 0x000000008aa00000|  0%| F|  |TAMS 0x000000008a900000, 0x000000008a900000| Untracked 
| 136|0x000000008aa00000, 0x000000008aa00000, 0x000000008ab00000|  0%| F|  |TAMS 0x000000008aa00000, 0x000000008aa00000| Untracked 
| 137|0x000000008ab00000, 0x000000008ab00000, 0x000000008ac00000|  0%| F|  |TAMS 0x000000008ab00000, 0x000000008ab00000| Untracked 
| 138|0x000000008ac00000, 0x000000008ac00000, 0x000000008ad00000|  0%| F|  |TAMS 0x000000008ac00000, 0x000000008ac00000| Untracked 
| 139|0x000000008ad00000, 0x000000008ad00000, 0x000000008ae00000|  0%| F|  |TAMS 0x000000008ad00000, 0x000000008ad00000| Untracked 
| 140|0x000000008ae00000, 0x000000008ae00000, 0x000000008af00000|  0%| F|  |TAMS 0x000000008ae00000, 0x000000008ae00000| Untracked 
| 141|0x000000008af00000, 0x000000008af00000, 0x000000008b000000|  0%| F|  |TAMS 0x000000008af00000, 0x000000008af00000| Untracked 
| 142|0x000000008b000000, 0x000000008b0fae70, 0x000000008b100000| 98%| E|  |TAMS 0x000000008b000000, 0x000000008b000000| Complete 
| 143|0x000000008b100000, 0x000000008b200000, 0x000000008b200000|100%| E|CS|TAMS 0x000000008b100000, 0x000000008b100000| Complete 
| 144|0x000000008b200000, 0x000000008b300000, 0x000000008b300000|100%| E|CS|TAMS 0x000000008b200000, 0x000000008b200000| Complete 
| 145|0x000000008b300000, 0x000000008b400000, 0x000000008b400000|100%| E|  |TAMS 0x000000008b300000, 0x000000008b300000| Complete 
| 146|0x000000008b400000, 0x000000008b500000, 0x000000008b500000|100%| E|CS|TAMS 0x000000008b400000, 0x000000008b400000| Complete 
| 147|0x000000008b500000, 0x000000008b600000, 0x000000008b600000|100%| E|CS|TAMS 0x000000008b500000, 0x000000008b500000| Complete 
| 148|0x000000008b600000, 0x000000008b700000, 0x000000008b700000|100%| E|CS|TAMS 0x000000008b600000, 0x000000008b600000| Complete 
| 149|0x000000008b700000, 0x000000008b800000, 0x000000008b800000|100%| E|CS|TAMS 0x000000008b700000, 0x000000008b700000| Complete 
| 150|0x000000008b800000, 0x000000008b900000, 0x000000008b900000|100%| E|CS|TAMS 0x000000008b800000, 0x000000008b800000| Complete 
| 151|0x000000008b900000, 0x000000008ba00000, 0x000000008ba00000|100%| E|CS|TAMS 0x000000008b900000, 0x000000008b900000| Complete 
| 152|0x000000008ba00000, 0x000000008bb00000, 0x000000008bb00000|100%| E|CS|TAMS 0x000000008ba00000, 0x000000008ba00000| Complete 
| 153|0x000000008bb00000, 0x000000008bc00000, 0x000000008bc00000|100%| E|CS|TAMS 0x000000008bb00000, 0x000000008bb00000| Complete 
| 154|0x000000008bc00000, 0x000000008bd00000, 0x000000008bd00000|100%| E|CS|TAMS 0x000000008bc00000, 0x000000008bc00000| Complete 
| 155|0x000000008bd00000, 0x000000008be00000, 0x000000008be00000|100%| E|CS|TAMS 0x000000008bd00000, 0x000000008bd00000| Complete 
| 156|0x000000008be00000, 0x000000008bf00000, 0x000000008bf00000|100%| E|CS|TAMS 0x000000008be00000, 0x000000008be00000| Complete 

Card table byte_map: [0x0000020734c50000,0x0000020735040000] _byte_map_base: 0x000002073483f000

Marking Bits (Prev, Next): (CMBitMap*) 0x000002071b2e5588, (CMBitMap*) 0x000002071b2e5548
 Prev Bits: [0x00000207373b0000, 0x0000020739328000)
 Next Bits: [0x0000020735430000, 0x00000207373a8000)

Polling page: 0x000002071b120000

Metaspace:

Usage:
  Non-class:     24.96 MB capacity,    24.52 MB ( 98%) used,   413.42 KB (  2%) free+waste,    42.44 KB ( <1%) overhead. 
      Class:      3.40 MB capacity,     3.19 MB ( 94%) used,   198.29 KB (  6%) free+waste,    18.81 KB ( <1%) overhead. 
       Both:     28.36 MB capacity,    27.70 MB ( 98%) used,   611.71 KB (  2%) free+waste,    61.25 KB ( <1%) overhead. 

Virtual space:
  Non-class space:       26.00 MB reserved,      25.00 MB ( 96%) committed 
      Class space:        1.00 GB reserved,       3.50 MB ( <1%) committed 
             Both:        1.03 GB reserved,      28.50 MB (  3%) committed 

Chunk freelists:
   Non-Class:  39.00 KB
       Class:  39.00 KB
        Both:  78.00 KB

MaxMetaspaceSize: 17179869184.00 GB
CompressedClassSpaceSize: 1.00 GB

CodeHeap 'non-profiled nmethods': size=120000Kb used=3928Kb max_used=3928Kb free=116071Kb
 bounds [0x000002072cd00000, 0x000002072d0e0000, 0x0000020734230000]
CodeHeap 'profiled nmethods': size=120000Kb used=12534Kb max_used=12534Kb free=107465Kb
 bounds [0x00000207257d0000, 0x0000020726410000, 0x000002072cd00000]
CodeHeap 'non-nmethods': size=5760Kb used=1226Kb max_used=1301Kb free=4533Kb
 bounds [0x0000020725230000, 0x00000207254a0000, 0x00000207257d0000]
 total_blobs=8925 nmethods=5739 adapters=403
 compilation: enabled
              stopped_count=0, restarted_count=0
 full_count=0

Compilation events (20 events):
Event: 75.508 Thread 0x000002073c31b000 nmethod 6545 0x00000207263f0290 code [0x00000207263f0460, 0x00000207263f06a8]
Event: 75.509 Thread 0x000002073c31b000 6546 %     3       com.google.googlejavaformat.OpsBuilder::build @ 446 (1072 bytes)
Event: 75.527 Thread 0x000002073c31b000 nmethod 6546% 0x00000207263f0810 code [0x00000207263f1c60, 0x0000020726401b38]
Event: 75.527 Thread 0x000002073c31b000 6552       2       org.openjdk.source.util.DocTreeScanner::scanAndReduce (12 bytes)
Event: 75.527 Thread 0x000002073c31b000 nmethod 6552 0x0000020726406890 code [0x0000020726406a20, 0x0000020726406b68]
Event: 75.527 Thread 0x000002073c31b000 6548       2       com.google.googlejavaformat.java.javadoc.JavadocWriter::writeToken (270 bytes)
Event: 75.529 Thread 0x000002073c31b000 nmethod 6548 0x0000020726406c10 code [0x0000020726406ee0, 0x0000020726407a38]
Event: 75.529 Thread 0x000002073c31b000 6549       2       com.google.common.collect.ImmutableEnumSet::contains (9 bytes)
Event: 75.529 Thread 0x000002073c31b000 nmethod 6549 0x0000020726408090 code [0x0000020726408220, 0x0000020726408368]
Event: 75.529 Thread 0x000002073c31b000 6553       1       org.openjdk.tools.javac.tree.JCTree$JCClassDecl::getMembers (5 bytes)
Event: 75.530 Thread 0x000002073c31b000 nmethod 6553 0x000002072d0d5d90 code [0x000002072d0d5f20, 0x000002072d0d5ff8]
Event: 75.539 Thread 0x000002073c31b000 6554       2       org.openjdk.tools.javac.parser.JavacParser::blockStatements (85 bytes)
Event: 75.540 Thread 0x000002073c31b000 nmethod 6554 0x0000020726408410 code [0x0000020726408620, 0x0000020726408bd8]
Event: 75.540 Thread 0x000002073c31b000 6555       2       org.openjdk.tools.javac.parser.JavacParser::typeArgument (394 bytes)
Event: 75.543 Thread 0x000002073c31b000 nmethod 6555 0x0000020726408e90 code [0x0000020726409300, 0x000002072640b378]
Event: 75.543 Thread 0x000002073c31b000 6557       2       com.google.googlejavaformat.java.JavaInputAstVisitor::visitName (115 bytes)
Event: 75.544 Thread 0x000002073c31b000 nmethod 6557 0x000002072640c310 code [0x000002072640c560, 0x000002072640cd88]
Event: 75.544 Thread 0x000002073c31b000 6558       2       com.google.googlejavaformat.java.JavaInputAstVisitor::hasOnlyShortItems (64 bytes)
Event: 75.545 Thread 0x000002073c31b000 nmethod 6558 0x000002072640d210 code [0x000002072640d420, 0x000002072640d838]
Event: 75.545 Thread 0x000002073c31b000 6559       3       com.google.googlejavaformat.OpsBuilder::build (1072 bytes)

GC Heap History (20 events):
Event: 16.178 GC heap before
{Heap before GC invocations=5 (full 0):
 garbage-first heap   total 155648K, used 104145K [0x0000000082200000, 0x0000000100000000)
  region size 1024K, 91 young (93184K), 8 survivors (8192K)
 Metaspace       used 19322K, capacity 19831K, committed 19968K, reserved 1067008K
  class space    used 2117K, capacity 2258K, committed 2304K, reserved 1048576K
}
Event: 16.204 GC heap after
{Heap after GC invocations=6 (full 0):
 garbage-first heap   total 155648K, used 37465K [0x0000000082200000, 0x0000000100000000)
  region size 1024K, 12 young (12288K), 12 survivors (12288K)
 Metaspace       used 19322K, capacity 19831K, committed 19968K, reserved 1067008K
  class space    used 2117K, capacity 2258K, committed 2304K, reserved 1048576K
}
Event: 48.096 GC heap before
{Heap before GC invocations=6 (full 0):
 garbage-first heap   total 155648K, used 112217K [0x0000000082200000, 0x0000000100000000)
  region size 1024K, 83 young (84992K), 12 survivors (12288K)
 Metaspace       used 19459K, capacity 19959K, committed 20224K, reserved 1067008K
  class space    used 2123K, capacity 2258K, committed 2304K, reserved 1048576K
}
Event: 48.116 GC heap after
{Heap after GC invocations=7 (full 0):
 garbage-first heap   total 155648K, used 50688K [0x0000000082200000, 0x0000000100000000)
  region size 1024K, 11 young (11264K), 11 survivors (11264K)
 Metaspace       used 19459K, capacity 19959K, committed 20224K, reserved 1067008K
  class space    used 2123K, capacity 2258K, committed 2304K, reserved 1048576K
}
Event: 64.201 GC heap before
{Heap before GC invocations=7 (full 0):
 garbage-first heap   total 155648K, used 112128K [0x0000000082200000, 0x0000000100000000)
  region size 1024K, 70 young (71680K), 11 survivors (11264K)
 Metaspace       used 19465K, capacity 19959K, committed 20224K, reserved 1067008K
  class space    used 2124K, capacity 2258K, committed 2304K, reserved 1048576K
}
Event: 64.209 GC heap after
{Heap after GC invocations=8 (full 0):
 garbage-first heap   total 155648K, used 57344K [0x0000000082200000, 0x0000000100000000)
  region size 1024K, 9 young (9216K), 9 survivors (9216K)
 Metaspace       used 19465K, capacity 19959K, committed 20224K, reserved 1067008K
  class space    used 2124K, capacity 2258K, committed 2304K, reserved 1048576K
}
Event: 65.002 GC heap before
{Heap before GC invocations=8 (full 0):
 garbage-first heap   total 155648K, used 113664K [0x0000000082200000, 0x0000000100000000)
  region size 1024K, 64 young (65536K), 9 survivors (9216K)
 Metaspace       used 19870K, capacity 20386K, committed 20480K, reserved 1067008K
  class space    used 2149K, capacity 2295K, committed 2304K, reserved 1048576K
}
Event: 65.012 GC heap after
{Heap after GC invocations=9 (full 0):
 garbage-first heap   total 155648K, used 82944K [0x0000000082200000, 0x0000000100000000)
  region size 1024K, 8 young (8192K), 8 survivors (8192K)
 Metaspace       used 19870K, capacity 20386K, committed 20480K, reserved 1067008K
  class space    used 2149K, capacity 2295K, committed 2304K, reserved 1048576K
}
Event: 66.093 GC heap before
{Heap before GC invocations=9 (full 0):
 garbage-first heap   total 155648K, used 113664K [0x0000000082200000, 0x0000000100000000)
  region size 1024K, 38 young (38912K), 8 survivors (8192K)
 Metaspace       used 20054K, capacity 20666K, committed 20864K, reserved 1067008K
  class space    used 2172K, capacity 2367K, committed 2432K, reserved 1048576K
}
Event: 66.099 GC heap after
{Heap after GC invocations=10 (full 0):
 garbage-first heap   total 155648K, used 92160K [0x0000000082200000, 0x0000000100000000)
  region size 1024K, 5 young (5120K), 5 survivors (5120K)
 Metaspace       used 20054K, capacity 20666K, committed 20864K, reserved 1067008K
  class space    used 2172K, capacity 2367K, committed 2432K, reserved 1048576K
}
Event: 73.152 GC heap before
{Heap before GC invocations=11 (full 0):
 garbage-first heap   total 155648K, used 116736K [0x0000000082200000, 0x0000000100000000)
  region size 1024K, 31 young (31744K), 5 survivors (5120K)
 Metaspace       used 22206K, capacity 22835K, committed 22912K, reserved 1069056K
  class space    used 2463K, capacity 2670K, committed 2688K, reserved 1048576K
}
Event: 73.159 GC heap after
{Heap after GC invocations=12 (full 0):
 garbage-first heap   total 155648K, used 93057K [0x0000000082200000, 0x0000000100000000)
  region size 1024K, 3 young (3072K), 3 survivors (3072K)
 Metaspace       used 22206K, capacity 22835K, committed 22912K, reserved 1069056K
  class space    used 2463K, capacity 2670K, committed 2688K, reserved 1048576K
}
Event: 73.270 GC heap before
{Heap before GC invocations=12 (full 0):
 garbage-first heap   total 155648K, used 97153K [0x0000000082200000, 0x0000000100000000)
  region size 1024K, 7 young (7168K), 3 survivors (3072K)
 Metaspace       used 22837K, capacity 23443K, committed 23552K, reserved 1071104K
  class space    used 2563K, capacity 2766K, committed 2816K, reserved 1048576K
}
Event: 73.277 GC heap after
{Heap after GC invocations=13 (full 0):
 garbage-first heap   total 155648K, used 84832K [0x0000000082200000, 0x0000000100000000)
  region size 1024K, 1 young (1024K), 1 survivors (1024K)
 Metaspace       used 22837K, capacity 23443K, committed 23552K, reserved 1071104K
  class space    used 2563K, capacity 2766K, committed 2816K, reserved 1048576K
}
Event: 74.791 GC heap before
{Heap before GC invocations=13 (full 0):
 garbage-first heap   total 155648K, used 116576K [0x0000000082200000, 0x0000000100000000)
  region size 1024K, 33 young (33792K), 1 survivors (1024K)
 Metaspace       used 27512K, capacity 28266K, committed 28288K, reserved 1075200K
  class space    used 3200K, capacity 3442K, committed 3456K, reserved 1048576K
}
Event: 74.799 GC heap after
{Heap after GC invocations=14 (full 0):
 garbage-first heap   total 155648K, used 88521K [0x0000000082200000, 0x0000000100000000)
  region size 1024K, 5 young (5120K), 5 survivors (5120K)
 Metaspace       used 27512K, capacity 28266K, committed 28288K, reserved 1075200K
  class space    used 3200K, capacity 3442K, committed 3456K, reserved 1048576K
}
Event: 75.172 GC heap before
{Heap before GC invocations=15 (full 0):
 garbage-first heap   total 160768K, used 119241K [0x0000000082200000, 0x0000000100000000)
  region size 1024K, 36 young (36864K), 5 survivors (5120K)
 Metaspace       used 28100K, capacity 28758K, committed 28928K, reserved 1075200K
  class space    used 3267K, capacity 3497K, committed 3584K, reserved 1048576K
}
Event: 75.177 GC heap after
{Heap after GC invocations=16 (full 0):
 garbage-first heap   total 160768K, used 89577K [0x0000000082200000, 0x0000000100000000)
  region size 1024K, 2 young (2048K), 2 survivors (2048K)
 Metaspace       used 28100K, capacity 28758K, committed 28928K, reserved 1075200K
  class space    used 3267K, capacity 3497K, committed 3584K, reserved 1048576K
}
Event: 75.457 GC heap before
{Heap before GC invocations=16 (full 0):
 garbage-first heap   total 160768K, used 124393K [0x0000000082200000, 0x0000000100000000)
  region size 1024K, 37 young (37888K), 2 survivors (2048K)
 Metaspace       used 28327K, capacity 29018K, committed 29184K, reserved 1075200K
  class space    used 3273K, capacity 3497K, committed 3584K, reserved 1048576K
}
Event: 75.460 GC heap after
{Heap after GC invocations=17 (full 0):
 garbage-first heap   total 160768K, used 90326K [0x0000000082200000, 0x0000000100000000)
  region size 1024K, 3 young (3072K), 3 survivors (3072K)
 Metaspace       used 28327K, capacity 29018K, committed 29184K, reserved 1075200K
  class space    used 3273K, capacity 3497K, committed 3584K, reserved 1048576K
}

Deoptimization events (20 events):
Event: 75.484 Thread 0x000002071b29f800 DEOPT PACKING pc=0x0000020726387215 sp=0x000000f129cfd050
Event: 75.484 Thread 0x000002071b29f800 DEOPT UNPACKING pc=0x000002072527964e sp=0x000000f129cfc4f8 mode 0
Event: 75.494 Thread 0x000002073d01e800 DEOPT PACKING pc=0x000002072633fa18 sp=0x000000f129bfe830
Event: 75.494 Thread 0x000002073d01e800 DEOPT UNPACKING pc=0x000002072527964e sp=0x000000f129bfdd18 mode 0
Event: 75.497 Thread 0x000002071b29f800 DEOPT PACKING pc=0x00000207262ebfdf sp=0x000000f129cfc020
Event: 75.498 Thread 0x000002071b29f800 DEOPT UNPACKING pc=0x000002072527964e sp=0x000000f129cfb4c0 mode 0
Event: 75.503 Thread 0x000002071b29f800 DEOPT PACKING pc=0x000002072633fa18 sp=0x000000f129cfd180
Event: 75.503 Thread 0x000002071b29f800 DEOPT UNPACKING pc=0x000002072527964e sp=0x000000f129cfc668 mode 0
Event: 75.506 Thread 0x000002073d6a2000 DEOPT PACKING pc=0x0000020726387215 sp=0x000000f12b4fe950
Event: 75.506 Thread 0x000002073d6a2000 DEOPT UNPACKING pc=0x000002072527964e sp=0x000000f12b4fddf8 mode 0
Event: 75.510 Thread 0x000002071b29f800 DEOPT PACKING pc=0x0000020726387215 sp=0x000000f129cfd100
Event: 75.510 Thread 0x000002071b29f800 DEOPT UNPACKING pc=0x000002072527964e sp=0x000000f129cfc5a8 mode 0
Event: 75.530 Thread 0x000002073d01e800 DEOPT PACKING pc=0x0000020726398d34 sp=0x000000f129bfe680
Event: 75.530 Thread 0x000002073d01e800 DEOPT UNPACKING pc=0x000002072527964e sp=0x000000f129bfdb38 mode 0
Event: 75.532 Thread 0x000002073d6a2000 DEOPT PACKING pc=0x0000020726398d34 sp=0x000000f12b4fe8d0
Event: 75.532 Thread 0x000002073d6a2000 DEOPT UNPACKING pc=0x000002072527964e sp=0x000000f12b4fdd88 mode 0
Event: 75.533 Thread 0x000002073d6a2000 DEOPT PACKING pc=0x000002072633fa18 sp=0x000000f12b4fe7a0
Event: 75.533 Thread 0x000002073d6a2000 DEOPT UNPACKING pc=0x000002072527964e sp=0x000000f12b4fdc88 mode 0
Event: 75.540 Thread 0x000002073d01e800 DEOPT PACKING pc=0x0000020726387215 sp=0x000000f129bfe700
Event: 75.540 Thread 0x000002073d01e800 DEOPT UNPACKING pc=0x000002072527964e sp=0x000000f129bfdba8 mode 0

Classes unloaded (20 events):
Event: 74.962 Thread 0x000002073b94e000 Unloading class 0x0000000800d83840 'org/openjdk/tools/javac/file/Locations$ModuleSourcePathLocationHandler$$Lambda$74'
Event: 74.962 Thread 0x000002073b94e000 Unloading class 0x0000000800d84440 'org/openjdk/tools/javac/file/Locations$$Lambda$71'
Event: 74.962 Thread 0x000002073b94e000 Unloading class 0x0000000800d84040 'org/openjdk/tools/javac/file/Locations$$Lambda$70'
Event: 74.962 Thread 0x000002073b94e000 Unloading class 0x0000000800d84c40 'org/openjdk/tools/javac/file/Locations$$Lambda$69'
Event: 75.545 Thread 0x000002073b94e000 Unloading class 0x0000000800e54c40 'java/util/ArrayDeque$$Lambda$152'
Event: 75.545 Thread 0x000002073b94e000 Unloading class 0x0000000800e55440 'java/util/ArrayDeque$$Lambda$150'
Event: 75.545 Thread 0x000002073b94e000 Unloading class 0x0000000800e55040 'com/google/googlejavaformat/java/Formatter$$Lambda$149'
Event: 75.545 Thread 0x000002073b94e000 Unloading class 0x0000000800e56040 'org/openjdk/tools/javac/parser/JavacParser$$Lambda$145'
Event: 75.545 Thread 0x000002073b94e000 Unloading class 0x0000000800e56c40 'org/openjdk/tools/javac/parser/JavacParser$$Lambda$144'
Event: 75.545 Thread 0x000002073b94e000 Unloading class 0x0000000800e57c40 'org/openjdk/tools/javac/code/Symtab$$Lambda$140'
Event: 75.545 Thread 0x000002073b94e000 Unloading class 0x0000000800e42040 'org/openjdk/tools/javac/comp/Operators$UnaryNumericOperator$$Lambda$115'
Event: 75.545 Thread 0x000002073b94e000 Unloading class 0x0000000800e41c40 'org/openjdk/tools/javac/comp/Operators$UnaryNumericOperator$$Lambda$114'
Event: 75.545 Thread 0x000002073b94e000 Unloading class 0x0000000800e41840 'org/openjdk/tools/javac/comp/Operators$UnaryNumericOperator$$Lambda$113'
Event: 75.545 Thread 0x000002073b94e000 Unloading class 0x0000000800e41440 'java/lang/invoke/LambdaForm$DMH'
Event: 75.545 Thread 0x000002073b94e000 Unloading class 0x0000000800e40440 'java/lang/invoke/LambdaForm$DMH'
Event: 75.545 Thread 0x000002073b94e000 Unloading class 0x0000000800e40040 'java/lang/invoke/LambdaForm$DMH'
Event: 75.545 Thread 0x000002073b94e000 Unloading class 0x0000000800db1840 'org/openjdk/tools/javac/code/Types$$Lambda$108'
Event: 75.545 Thread 0x000002073b94e000 Unloading class 0x0000000800db4040 'org/openjdk/tools/javac/code/Symtab$$Lambda$100'
Event: 75.545 Thread 0x000002073b94e000 Unloading class 0x0000000800db5440 'org/openjdk/tools/javac/code/Symtab$$Lambda$97'
Event: 75.545 Thread 0x000002073b94e000 Unloading class 0x0000000800db5c40 'org/openjdk/tools/javac/file/JavacFileManager$$Lambda$95'

Classes redefined (0 events):
No events

Internal exceptions (20 events):
Event: 65.123 Thread 0x000002071b29f800 Exception <a 'java/io/FileNotFoundException'{0x000000008af497c8}> (0x000000008af497c8) 
thrown [./open/src/hotspot/share/prims/jni.cpp, line 599]
Event: 65.123 Thread 0x000002071b29f800 Exception <a 'java/io/FileNotFoundException'{0x000000008af4a298}> (0x000000008af4a298) 
thrown [./open/src/hotspot/share/prims/jni.cpp, line 599]
Event: 65.124 Thread 0x000002071b29f800 Exception <a 'java/io/FileNotFoundException'{0x000000008af50d88}> (0x000000008af50d88) 
thrown [./open/src/hotspot/share/prims/jni.cpp, line 599]
Event: 65.124 Thread 0x000002071b29f800 Exception <a 'java/io/FileNotFoundException'{0x000000008af51870}> (0x000000008af51870) 
thrown [./open/src/hotspot/share/prims/jni.cpp, line 599]
Event: 65.614 Thread 0x000002071b29f800 Implicit null exception at 0x000002072cea688b to 0x000002072cea72a4
Event: 72.642 Thread 0x000002071b29f800 Exception <a 'java/lang/NoSuchMethodError'{0x000000008adc0fd8}: 'void java.lang.invoke.DirectMethodHandle$Holder.invokeVirtual(java.lang.Object, java.lang.Object)'> (0x000000008adc0fd8) 
thrown [./open/src/hotspot/share/interpreter/linkResolver.cpp, line 766]
Event: 72.650 Thread 0x000002071b29f800 Exception <a 'java/lang/IncompatibleClassChangeError'{0x000000008adddfa8}: Found class java.lang.Object, but interface was expected> (0x000000008adddfa8) 
thrown [./open/src/hotspot/share/interpreter/linkResolver.cpp, line 832]
Event: 72.651 Thread 0x000002071b29f800 Exception <a 'java/lang/NoSuchMethodError'{0x000000008ade3bf0}: 'void java.lang.invoke.DirectMethodHandle$Holder.invokeSpecial(java.lang.Object, java.lang.Object, java.lang.Object, java.lang.Object)'> (0x000000008ade3bf0) 
thrown [./open/src/hotspot/share/interpreter/linkResolver.cpp, line 766]
Event: 73.711 Thread 0x000002071b29f800 Exception <a 'java/lang/NoSuchMethodError'{0x000000008af5d100}: 'int java.lang.invoke.DirectMethodHandle$Holder.invokeStaticInit(java.lang.Object, java.lang.Object)'> (0x000000008af5d100) 
thrown [./open/src/hotspot/share/interpreter/linkResolver.cpp, line 766]
Event: 74.218 Thread 0x000002073d6a2000 Exception <a 'java/lang/NoSuchMethodError'{0x000000008a733f08}: 'int java.lang.invoke.DirectMethodHandle$Holder.invokeVirtual(java.lang.Object, java.lang.Object)'> (0x000000008a733f08) 
thrown [./open/src/hotspot/share/interpreter/linkResolver.cpp, line 766]
Event: 74.218 Thread 0x000002073d94b800 Exception <a 'java/lang/NoSuchMethodError'{0x000000008a8efc98}: 'int java.lang.invoke.DirectMethodHandle$Holder.invokeVirtual(java.lang.Object, java.lang.Object)'> (0x000000008a8efc98) 
thrown [./open/src/hotspot/share/interpreter/linkResolver.cpp, line 766]
Event: 74.218 Thread 0x000002071b29f800 Exception <a 'java/lang/NoSuchMethodError'{0x000000008a85edb8}: 'int java.lang.invoke.DirectMethodHandle$Holder.invokeVirtual(java.lang.Object, java.lang.Object)'> (0x000000008a85edb8) 
thrown [./open/src/hotspot/share/interpreter/linkResolver.cpp, line 766]
Event: 74.220 Thread 0x000002073d01e800 Exception <a 'java/lang/NoSuchMethodError'{0x000000008a73d818}: 'int java.lang.invoke.DirectMethodHandle$Holder.invokeVirtual(java.lang.Object, java.lang.Object)'> (0x000000008a73d818) 
thrown [./open/src/hotspot/share/interpreter/linkResolver.cpp, line 766]
Event: 74.235 Thread 0x000002071b29f800 Exception <a 'java/lang/NoSuchMethodError'{0x000000008a7e58a8}: 'java.lang.Object java.lang.invoke.Invokers$Holder.linkToTargetMethod(java.lang.Object, java.lang.Object, java.lang.Object, java.lang.Object, java.lang.Object, java.lang.Object)'> (0x000000008a7e58a8) 
thrown [./open/src/hotspot/share/interpreter/linkResolver.cpp, line 766]
Event: 74.490 Thread 0x000002073d6a2000 Implicit null exception at 0x000002072d090fcb to 0x000002072d097804
Event: 74.490 Thread 0x000002073d01e800 Implicit null exception at 0x000002072d090fcb to 0x000002072d097804
Event: 74.490 Thread 0x000002073d94b800 Implicit null exception at 0x000002072d090fcb to 0x000002072d097804
Event: 74.490 Thread 0x000002071b29f800 Implicit null exception at 0x000002072d090fcb to 0x000002072d097804
Event: 74.804 Thread 0x000002073d01e800 Exception <a 'java/lang/NoSuchMethodError'{0x000000008b97b800}: 'java.lang.Object java.lang.invoke.Invokers$Holder.invokeExact_MT(java.lang.Object, java.lang.Object, java.lang.Object, java.lang.Object, java.lang.Object, java.lang.Object)'> (0x000000008b97b800) 
thrown [./open/src/hotspot/share/interpreter/linkResolver.cpp, line 766]
Event: 75.196 Thread 0x000002073d01e800 Implicit null exception at 0x000002072d0ba0ec to 0x000002072d0bfc5e

Events (20 events):
Event: 74.972 Executing VM operation: G1Concurrent done
Event: 75.016 Executing VM operation: G1Concurrent
Event: 75.020 Executing VM operation: G1Concurrent done
Event: 75.152 Executing VM operation: G1CollectForAllocation
Event: 75.180 Executing VM operation: G1CollectForAllocation done
Event: 75.330 loading class java/lang/Throwable$WrappedPrintWriter
Event: 75.333 loading class java/lang/Throwable$PrintStreamOrWriter
Event: 75.333 loading class java/lang/Throwable$PrintStreamOrWriter done
Event: 75.333 loading class java/lang/Throwable$WrappedPrintWriter done
Event: 75.334 Executing VM operation: HandshakeOneThread
Event: 75.350 Executing VM operation: HandshakeOneThread done
Event: 75.350 Executing VM operation: HandshakeOneThread
Event: 75.350 Executing VM operation: HandshakeOneThread done
Event: 75.350 Executing VM operation: HandshakeOneThread
Event: 75.350 Executing VM operation: HandshakeOneThread done
Event: 75.350 Executing VM operation: HandshakeOneThread
Event: 75.350 Executing VM operation: HandshakeOneThread done
Event: 75.387 Executing VM operation: G1CollectForAllocation
Event: 75.466 Executing VM operation: G1CollectForAllocation done
Event: 75.545 Executing VM operation: G1Concurrent


Dynamic libraries:
0x00007ff694820000 - 0x00007ff69482f000 	C:\Program Files\Java\jdk-14.0.1\bin\java.exe
0x00007ffdf2370000 - 0x00007ffdf2565000 	C:\WINDOWS\SYSTEM32\ntdll.dll
0x00007ffdf03d0000 - 0x00007ffdf048d000 	C:\WINDOWS\System32\KERNEL32.DLL
0x00007ffdeffb0000 - 0x00007ffdf0277000 	C:\WINDOWS\System32\KERNELBASE.dll
0x00007ffdefdd0000 - 0x00007ffdefed0000 	C:\WINDOWS\System32\ucrtbase.dll
0x00007ffdd8810000 - 0x00007ffdd8825000 	C:\Program Files\Java\jdk-14.0.1\bin\VCRUNTIME140.dll
0x00007ffdd87f0000 - 0x00007ffdd8808000 	C:\Program Files\Java\jdk-14.0.1\bin\jli.dll
0x00007ffdf13e0000 - 0x00007ffdf148a000 	C:\WINDOWS\System32\ADVAPI32.dll
0x00007ffdf2200000 - 0x00007ffdf229e000 	C:\WINDOWS\System32\msvcrt.dll
0x00007ffdf0ed0000 - 0x00007ffdf0f6b000 	C:\WINDOWS\System32\sechost.dll
0x00007ffdf1490000 - 0x00007ffdf15b4000 	C:\WINDOWS\System32\RPCRT4.dll
0x00007ffdf1700000 - 0x00007ffdf18a0000 	C:\WINDOWS\System32\USER32.dll
0x00007ffdefbc0000 - 0x00007ffdefbe2000 	C:\WINDOWS\System32\win32u.dll
0x00007ffddbae0000 - 0x00007ffddbd7b000 	C:\WINDOWS\WinSxS\amd64_microsoft.windows.common-controls_6595b64144ccf1df_6.0.19041.488_none_ca04af081b815d21\COMCTL32.dll
0x00007ffdf2020000 - 0x00007ffdf204a000 	C:\WINDOWS\System32\GDI32.dll
0x00007ffdefab0000 - 0x00007ffdefbb9000 	C:\WINDOWS\System32\gdi32full.dll
0x00007ffdf0330000 - 0x00007ffdf03cd000 	C:\WINDOWS\System32\msvcp_win.dll
0x00007ffde60a0000 - 0x00007ffde60aa000 	C:\WINDOWS\SYSTEM32\VERSION.dll
0x00007ffdf1900000 - 0x00007ffdf1930000 	C:\WINDOWS\System32\IMM32.DLL
0x00007ffdbfbe0000 - 0x00007ffdbfc7b000 	C:\Program Files\Java\jdk-14.0.1\bin\msvcp140.dll
0x00007ffd96660000 - 0x00007ffd9717e000 	C:\Program Files\Java\jdk-14.0.1\bin\server\jvm.dll
0x00007ffdf16f0000 - 0x00007ffdf16f8000 	C:\WINDOWS\System32\PSAPI.DLL
0x00007ffdd9c50000 - 0x00007ffdd9c77000 	C:\WINDOWS\SYSTEM32\WINMM.dll
0x00007ffddac90000 - 0x00007ffddac99000 	C:\WINDOWS\SYSTEM32\WSOCK32.dll
0x00007ffdf0e00000 - 0x00007ffdf0e6b000 	C:\WINDOWS\System32\WS2_32.dll
0x00007ffdee2b0000 - 0x00007ffdee2c3000 	C:\WINDOWS\SYSTEM32\kernel.appcore.dll
0x00007ffdeac70000 - 0x00007ffdeac7a000 	C:\Program Files\Java\jdk-14.0.1\bin\jimage.dll
0x00007ffdedf70000 - 0x00007ffdee154000 	C:\WINDOWS\SYSTEM32\DBGHELP.DLL
0x00007ffdd3e10000 - 0x00007ffdd3e3c000 	C:\WINDOWS\SYSTEM32\dbgcore.DLL
0x00007ffdefd50000 - 0x00007ffdefdcf000 	C:\WINDOWS\System32\bcryptPrimitives.dll
0x00007ffdd7c40000 - 0x00007ffdd7c65000 	C:\Program Files\Java\jdk-14.0.1\bin\java.dll
0x00007ffdd7c20000 - 0x00007ffdd7c36000 	C:\Program Files\Java\jdk-14.0.1\bin\zip.dll
0x00007ffdf06b0000 - 0x00007ffdf0df1000 	C:\WINDOWS\System32\SHELL32.dll
0x00007ffded700000 - 0x00007ffdede93000 	C:\WINDOWS\SYSTEM32\windows.storage.dll
0x00007ffdf1a80000 - 0x00007ffdf1dd5000 	C:\WINDOWS\System32\combase.dll
0x00007ffdef380000 - 0x00007ffdef3ac000 	C:\WINDOWS\SYSTEM32\Wldp.dll
0x00007ffdf1e50000 - 0x00007ffdf1efe000 	C:\WINDOWS\System32\SHCORE.dll
0x00007ffdf18a0000 - 0x00007ffdf18f5000 	C:\WINDOWS\System32\shlwapi.dll
0x00007ffdef9e0000 - 0x00007ffdefa06000 	C:\WINDOWS\SYSTEM32\profapi.dll
0x00007ffdc6150000 - 0x00007ffdc6169000 	C:\Program Files\Java\jdk-14.0.1\bin\net.dll
0x00007ffdeeac0000 - 0x00007ffdeebc0000 	C:\WINDOWS\SYSTEM32\WINHTTP.dll
0x00007ffdef170000 - 0x00007ffdef1da000 	C:\WINDOWS\system32\mswsock.dll
0x00007ffdc5360000 - 0x00007ffdc5372000 	C:\Program Files\Java\jdk-14.0.1\bin\nio.dll
0x00007ffdeaba0000 - 0x00007ffdeabb0000 	C:\Program Files\Java\jdk-14.0.1\bin\verify.dll
0x00007ffdd92c0000 - 0x00007ffdd92ca000 	C:\xampp\apache\maven\lib\jansi-native\windows64\jansi.dll
0x00007ffdd77c0000 - 0x00007ffdd77d7000 	C:\WINDOWS\system32\napinsp.dll
0x00007ffde66c0000 - 0x00007ffde66db000 	C:\WINDOWS\system32\pnrpnsp.dll
0x00007ffde9c70000 - 0x00007ffde9c85000 	C:\WINDOWS\system32\wshbth.dll
0x00007ffdeaa30000 - 0x00007ffdeaa4d000 	C:\WINDOWS\system32\NLAapi.dll
0x00007ffdeee80000 - 0x00007ffdeeebb000 	C:\WINDOWS\SYSTEM32\IPHLPAPI.DLL
0x00007ffdeeec0000 - 0x00007ffdeef8b000 	C:\WINDOWS\SYSTEM32\DNSAPI.dll
0x00007ffdf1de0000 - 0x00007ffdf1de9000 	C:\WINDOWS\System32\NSI.dll
0x00007ffde8c40000 - 0x00007ffde8c52000 	C:\WINDOWS\System32\winrnr.dll
0x0000000067480000 - 0x00000000674b5000 	C:\Program Files\Bonjour\mdnsNSP.dll
0x00007ffdddd30000 - 0x00007ffdddd3a000 	C:\Windows\System32\rasadhlp.dll
0x00007ffde9850000 - 0x00007ffde98cf000 	C:\WINDOWS\System32\fwpuclnt.dll
0x00007ffdefed0000 - 0x00007ffdefef7000 	C:\WINDOWS\System32\bcrypt.dll

dbghelp: loaded successfully - version: 4.0.5 - missing functions: none
symbol engine: initialized successfully - sym options: 0x614 - pdb path: .;C:\Program Files\Java\jdk-14.0.1\bin;C:\WINDOWS\SYSTEM32;C:\WINDOWS\WinSxS\amd64_microsoft.windows.common-controls_6595b64144ccf1df_6.0.19041.488_none_ca04af081b815d21;C:\Program Files\Java\jdk-14.0.1\bin\server;C:\xampp\apache\maven\lib\jansi-native\windows64;C:\Program Files\Bonjour

VM Arguments:
jvm_args: -Dclassworlds.conf=C:\xampp\apache\maven\bin\..\bin\m2.conf -Dmaven.home=C:\xampp\apache\maven\bin\.. -Dmaven.multiModuleProjectDirectory=C:\tmp\tjs\geoserver_2.16.1\src\community\tjs\tjs-web 
java_command: org.codehaus.plexus.classworlds.launcher.Launcher clean install -DskipTests
java_class_path (initial): C:\xampp\apache\maven\bin\..\boot\plexus-classworlds-2.5.2.jar
Launcher Type: SUN_STANDARD

[Global flags]
     intx CICompilerCount                          = 3                                         {product} {ergonomic}
     uint ConcGCThreads                            = 1                                         {product} {ergonomic}
     uint G1ConcRefinementThreads                  = 4                                         {product} {ergonomic}
   size_t G1HeapRegionSize                         = 1048576                                   {product} {ergonomic}
    uintx GCDrainStackTargetSize                   = 64                                        {product} {ergonomic}
   size_t InitialHeapSize                          = 132120576                                 {product} {ergonomic}
   size_t MarkStackSize                            = 4194304                                   {product} {ergonomic}
   size_t MaxHeapSize                              = 2111832064                                {product} {ergonomic}
   size_t MaxNewSize                               = 1266679808                                {product} {ergonomic}
   size_t MinHeapDeltaBytes                        = 1048576                                   {product} {ergonomic}
   size_t MinHeapSize                              = 8388608                                   {product} {ergonomic}
    uintx NonNMethodCodeHeapSize                   = 5832780                                {pd product} {ergonomic}
    uintx NonProfiledCodeHeapSize                  = 122912730                              {pd product} {ergonomic}
    uintx ProfiledCodeHeapSize                     = 122912730                              {pd product} {ergonomic}
    uintx ReservedCodeCacheSize                    = 251658240                              {pd product} {ergonomic}
     bool SegmentedCodeCache                       = true                                      {product} {ergonomic}
   size_t SoftMaxHeapSize                          = 2111832064                             {manageable} {ergonomic}
     bool UseCompressedClassPointers               = true                                 {lp64_product} {ergonomic}
     bool UseCompressedOops                        = true                                 {lp64_product} {ergonomic}
     bool UseG1GC                                  = true                                      {product} {ergonomic}
     bool UseLargePagesIndividualAllocation        = false                                  {pd product} {ergonomic}

Logging:
Log output configuration:
 #0: stdout all=warning uptime,level,tags
 #1: stderr all=off uptime,level,tags

Environment Variables:
JAVA_HOME=C:\Program Files\Java\jdk-14.0.1
JRE_HOME=C:\Program Files\Java\jdk-14.0.1
PATH=C:\Program Files\Microsoft MPI\Bin\;C:\ProgramData\Oracle\Java\javapath;C:\WINDOWS\system32;C:\WINDOWS;C:\WINDOWS\System32\Wbem;C:\WINDOWS\System32\WindowsPowerShell\v1.0\;C:\Program Files\Common Files\Autodesk Shared\;C:\Program Files\Microsoft SQL Server\120\Tools\Binn\;C:\Program Files\Microsoft SQL Server\130\Tools\Binn\;C:\Program Files\dotnet\;C:\Program Files\Anaconda2;C:\Program Files\Anaconda2\Scripts;C:\Program Files\Anaconda2\Library\bin;C:\Program Files\FME\;C:\Program Files (x86)\NetCDF4Excel;C:\Program Files (x86)\Windows Live\Shared;C:\Program Files\PuTTY\;C:\Program Files\Git\cmd;C:\xampp7\php;C:\ProgramData\ComposerSetup\bin;C:\xampp\apache\maven\bin;C:\Program Files\GDAL;C:\gdal\gdal2\include;C:\OSGeo4W64;C:\Program Files\saga;C:\Program Files (x86)\Tesseract-OCR;C:\Program Files (x86)\Microsoft SQL Server\Client SDK\ODBC\130\Tools\Binn\;C:\Program Files (x86)\Microsoft SQL Server\140\Tools\Binn\;C:\Program Files (x86)\Microsoft SQL Server\140\DTS\Binn\;C:\Program Files (x86)\Microsoft SQL Server\140\Tools\Binn\ManagementStudio\;C:\Program Files\R\R-3.5.1\bin;C:\Program Files\nodejs\;C:\Program Files (x86)\Microsoft VS Code\bin;C:\Program Files\Intel\WiFi\bin\;C:\Program Files\Common Files\Intel\WirelessCommon\;C:\Program Files (x86)\Intel\Intel(R) Management Engine Components\DAL;C:\Program Files\Intel\Intel(R) Management Engine Components\DAL;C:\WINDOWS\System32\OpenSSH\;C:\Users\jd2701\Downloads\openjdk-8u41-b04-windows-i586-14_jan_2020\java-se-8u41-ri\bin;C:\Users\jd2701\AppData\Local\Programs\Python\Python38\Scripts\;C:\Users\jd2701\AppData\Local\Programs\Python\Python38\;C:\Users\jd2701\AppData\Local\Microsoft\WindowsApps;C:\Users\jd2701\AppData\Roaming\Composer\vendor\bin;C:\Program Files (x86)\Microsoft VS Code\bin;C:\Program Files\apache-maven-3.5.0;C:\gdal-data;C:\OSGeo4W64\bin;C:\OSGeo4W64\include;C:\OSGeo4W64;C:\cygwin64\bin;C:\Users\jd2701\AppData\Roaming\npm;C:\Program Files\JetBrains\PyCharm Community Edition 2019.2.3\bin;C:\Users\
USERNAME=JD2701
OS=Windows_NT
PROCESSOR_IDENTIFIER=Intel64 Family 6 Model 142 Stepping 9, GenuineIntel



---------------  S Y S T E M  ---------------

OS: Windows 10 , 64 bit Build 19041 (10.0.19041.292)
OS uptime: 0 days 8:11 hours
HyperV virtualization detected

CPU:total 4 (initial active 4) (2 cores per cpu, 2 threads per core) family 6 model 142 stepping 9, cmov, cx8, fxsr, mmx, sse, sse2, sse3, ssse3, sse4.1, sse4.2, popcnt, avx, avx2, aes, clmul, erms, 3dnowpref, lzcnt, ht, tsc, tscinvbit, bmi1, bmi2, adx, fma

Memory: 4k page, system-wide physical 8053M (341M free)
TotalPageFile size 15435M (AvailPageFile size 21M)
current process WorkingSet (physical memory assigned to process): 308M, peak: 310M
current process commit charge ("private bytes"): 348M, peak: 367M

vm_info: Java HotSpot(TM) 64-Bit Server VM (14.0.1+7) for windows-amd64 JRE (14.0.1+7), built on Mar  5 2020 10:30:14 by "mach5one" with MS VC++ 15.9 (VS2017)

END.
